<?xml version="1.0" encoding="UTF-8"?>
<!-- Generated by org.testng.reporters.JUnitReportReporter -->
<testsuite skipped="0" hostname="Santhosh" name="apitestngpackage.APITestNGFile" tests="3" failures="0" timestamp="08 Jul 2018 14:10:15 GMT" time="5.374" errors="0">
  <testcase name="Testcase1" time="5.365" classname="apitestngpackage.APITestNGFile"/>
  <testcase name="Testcase2" time="0.004" classname="apitestngpackage.APITestNGFile"/>
  <testcase name="Testcase3" time="0.005" classname="apitestngpackage.APITestNGFile"/>
</testsuite> <!-- apitestngpackage.APITestNGFile -->
